2022-05-15 15:39:31 [INFO ] main StartupInfoLogger.java:55 com.dry.srb.core.ServiceCoreApplication Starting ServiceCoreApplication using Java 17 on DESKTOP-FR5VP0H with PID 16024 (D:\java\code\p2p\srb\service-core\target\classes started by Sarah Cheung in D:\java\code\p2p\srb)
2022-05-15 15:39:31 [INFO ] main SpringApplication.java:641 com.dry.srb.core.ServiceCoreApplication The following profiles are active: dev
2022-05-15 15:39:45 [INFO ] main StartupInfoLogger.java:61 com.dry.srb.core.ServiceCoreApplication Started ServiceCoreApplication in 16.044 seconds (JVM running for 17.787)
2022-05-15 17:52:40 [ERROR] http-nio-8110-exec-2 UnifiedExceptionHandler.java:37 com.dry.common.exception.UnifiedExceptionHandler Cannot invoke "com.dry.srb.core.pojo.entity.Dict.getId()" because "dict" is null
java.lang.NullPointerException: Cannot invoke "com.dry.srb.core.pojo.entity.Dict.getId()" because "dict" is null
	at com.dry.srb.core.service.impl.DictServiceImpl.findByDictCode(DictServiceImpl.java:120)
	at com.dry.srb.core.service.impl.DictServiceImpl$$FastClassBySpringCGLIB$$631d12fe.invoke(<generated>)
	at org.springframework.cglib.proxy.MethodProxy.invoke(MethodProxy.java:218)
	at org.springframework.aop.framework.CglibAopProxy$DynamicAdvisedInterceptor.intercept(CglibAopProxy.java:689)
	at com.dry.srb.core.service.impl.DictServiceImpl$$EnhancerBySpringCGLIB$$61478642.findByDictCode(<generated>)
	at com.dry.srb.core.controller.api.DictController.findByDictCode(DictController.java:39)
	at java.base/jdk.internal.reflect.NativeMethodAccessorImpl.invoke0(Native Method)
	at java.base/jdk.internal.reflect.NativeMethodAccessorImpl.invoke(NativeMethodAccessorImpl.java:77)
	at java.base/jdk.internal.reflect.DelegatingMethodAccessorImpl.invoke(DelegatingMethodAccessorImpl.java:43)
	at java.base/java.lang.reflect.Method.invoke(Method.java:568)
	at org.springframework.web.method.support.InvocableHandlerMethod.doInvoke(InvocableHandlerMethod.java:205)
	at org.springframework.web.method.support.InvocableHandlerMethod.invokeForRequest(InvocableHandlerMethod.java:150)
	at org.springframework.web.servlet.mvc.method.annotation.ServletInvocableHandlerMethod.invokeAndHandle(ServletInvocableHandlerMethod.java:117)
	at org.springframework.web.servlet.mvc.method.annotation.RequestMappingHandlerAdapter.invokeHandlerMethod(RequestMappingHandlerAdapter.java:895)
	at org.springframework.web.servlet.mvc.method.annotation.RequestMappingHandlerAdapter.handleInternal(RequestMappingHandlerAdapter.java:808)
	at org.springframework.web.servlet.mvc.method.AbstractHandlerMethodAdapter.handle(AbstractHandlerMethodAdapter.java:87)
	at org.springframework.web.servlet.DispatcherServlet.doDispatch(DispatcherServlet.java:1067)
	at org.springframework.web.servlet.DispatcherServlet.doService(DispatcherServlet.java:963)
	at org.springframework.web.servlet.FrameworkServlet.processRequest(FrameworkServlet.java:1006)
	at org.springframework.web.servlet.FrameworkServlet.doGet(FrameworkServlet.java:898)
	at javax.servlet.http.HttpServlet.service(HttpServlet.java:655)
	at org.springframework.web.servlet.FrameworkServlet.service(FrameworkServlet.java:883)
	at javax.servlet.http.HttpServlet.service(HttpServlet.java:764)
	at org.apache.catalina.core.ApplicationFilterChain.internalDoFilter(ApplicationFilterChain.java:227)
	at org.apache.catalina.core.ApplicationFilterChain.doFilter(ApplicationFilterChain.java:162)
	at org.apache.tomcat.websocket.server.WsFilter.doFilter(WsFilter.java:53)
	at org.apache.catalina.core.ApplicationFilterChain.internalDoFilter(ApplicationFilterChain.java:189)
	at org.apache.catalina.core.ApplicationFilterChain.doFilter(ApplicationFilterChain.java:162)
	at org.springframework.web.filter.RequestContextFilter.doFilterInternal(RequestContextFilter.java:100)
	at org.springframework.web.filter.OncePerRequestFilter.doFilter(OncePerRequestFilter.java:117)
	at org.apache.catalina.core.ApplicationFilterChain.internalDoFilter(ApplicationFilterChain.java:189)
	at org.apache.catalina.core.ApplicationFilterChain.doFilter(ApplicationFilterChain.java:162)
	at org.springframework.web.filter.FormContentFilter.doFilterInternal(FormContentFilter.java:93)
	at org.springframework.web.filter.OncePerRequestFilter.doFilter(OncePerRequestFilter.java:117)
	at org.apache.catalina.core.ApplicationFilterChain.internalDoFilter(ApplicationFilterChain.java:189)
	at org.apache.catalina.core.ApplicationFilterChain.doFilter(ApplicationFilterChain.java:162)
	at org.springframework.web.filter.CharacterEncodingFilter.doFilterInternal(CharacterEncodingFilter.java:201)
	at org.springframework.web.filter.OncePerRequestFilter.doFilter(OncePerRequestFilter.java:117)
	at org.apache.catalina.core.ApplicationFilterChain.internalDoFilter(ApplicationFilterChain.java:189)
	at org.apache.catalina.core.ApplicationFilterChain.doFilter(ApplicationFilterChain.java:162)
	at org.apache.catalina.core.StandardWrapperValve.invoke(StandardWrapperValve.java:197)
	at org.apache.catalina.core.StandardContextValve.invoke(StandardContextValve.java:97)
	at org.apache.catalina.authenticator.AuthenticatorBase.invoke(AuthenticatorBase.java:540)
	at org.apache.catalina.core.StandardHostValve.invoke(StandardHostValve.java:135)
	at org.apache.catalina.valves.ErrorReportValve.invoke(ErrorReportValve.java:92)
	at org.apache.catalina.core.StandardEngineValve.invoke(StandardEngineValve.java:78)
	at org.apache.catalina.connector.CoyoteAdapter.service(CoyoteAdapter.java:357)
	at org.apache.coyote.http11.Http11Processor.service(Http11Processor.java:382)
	at org.apache.coyote.AbstractProcessorLight.process(AbstractProcessorLight.java:65)
	at org.apache.coyote.AbstractProtocol$ConnectionHandler.process(AbstractProtocol.java:895)
	at org.apache.tomcat.util.net.NioEndpoint$SocketProcessor.doRun(NioEndpoint.java:1732)
	at org.apache.tomcat.util.net.SocketProcessorBase.run(SocketProcessorBase.java:49)
	at org.apache.tomcat.util.threads.ThreadPoolExecutor.runWorker(ThreadPoolExecutor.java:1191)
	at org.apache.tomcat.util.threads.ThreadPoolExecutor$Worker.run(ThreadPoolExecutor.java:659)
	at org.apache.tomcat.util.threads.TaskThread$WrappingRunnable.run(TaskThread.java:61)
	at java.base/java.lang.Thread.run(Thread.java:833)
2022-05-15 17:52:41 [ERROR] http-nio-8110-exec-6 DictServiceImpl.java:80 com.dry.srb.core.service.impl.DictServiceImpl redis获取数据字典数据失败
2022-05-15 17:52:41 [ERROR] http-nio-8110-exec-5 DictServiceImpl.java:80 com.dry.srb.core.service.impl.DictServiceImpl redis获取数据字典数据失败
2022-05-15 17:52:41 [ERROR] http-nio-8110-exec-9 DictServiceImpl.java:80 com.dry.srb.core.service.impl.DictServiceImpl redis获取数据字典数据失败
2022-05-15 17:52:41 [ERROR] http-nio-8110-exec-8 DictServiceImpl.java:80 com.dry.srb.core.service.impl.DictServiceImpl redis获取数据字典数据失败
2022-05-15 17:52:41 [ERROR] http-nio-8110-exec-8 DictServiceImpl.java:98 com.dry.srb.core.service.impl.DictServiceImpl 存放数据字典数据到redis失败
2022-05-15 17:52:41 [ERROR] http-nio-8110-exec-6 DictServiceImpl.java:98 com.dry.srb.core.service.impl.DictServiceImpl 存放数据字典数据到redis失败
2022-05-15 17:52:41 [ERROR] http-nio-8110-exec-5 DictServiceImpl.java:98 com.dry.srb.core.service.impl.DictServiceImpl 存放数据字典数据到redis失败
2022-05-15 17:52:41 [ERROR] http-nio-8110-exec-9 DictServiceImpl.java:98 com.dry.srb.core.service.impl.DictServiceImpl 存放数据字典数据到redis失败
2022-05-15 17:53:47 [ERROR] http-nio-8110-exec-1 UnifiedExceptionHandler.java:37 com.dry.common.exception.UnifiedExceptionHandler Cannot invoke "com.dry.srb.core.pojo.entity.Dict.getId()" because "dict" is null
java.lang.NullPointerException: Cannot invoke "com.dry.srb.core.pojo.entity.Dict.getId()" because "dict" is null
	at com.dry.srb.core.service.impl.DictServiceImpl.findByDictCode(DictServiceImpl.java:120)
	at com.dry.srb.core.service.impl.DictServiceImpl$$FastClassBySpringCGLIB$$631d12fe.invoke(<generated>)
	at org.springframework.cglib.proxy.MethodProxy.invoke(MethodProxy.java:218)
	at org.springframework.aop.framework.CglibAopProxy$DynamicAdvisedInterceptor.intercept(CglibAopProxy.java:689)
	at com.dry.srb.core.service.impl.DictServiceImpl$$EnhancerBySpringCGLIB$$61478642.findByDictCode(<generated>)
	at com.dry.srb.core.controller.api.DictController.findByDictCode(DictController.java:39)
	at java.base/jdk.internal.reflect.NativeMethodAccessorImpl.invoke0(Native Method)
	at java.base/jdk.internal.reflect.NativeMethodAccessorImpl.invoke(NativeMethodAccessorImpl.java:77)
	at java.base/jdk.internal.reflect.DelegatingMethodAccessorImpl.invoke(DelegatingMethodAccessorImpl.java:43)
	at java.base/java.lang.reflect.Method.invoke(Method.java:568)
	at org.springframework.web.method.support.InvocableHandlerMethod.doInvoke(InvocableHandlerMethod.java:205)
	at org.springframework.web.method.support.InvocableHandlerMethod.invokeForRequest(InvocableHandlerMethod.java:150)
	at org.springframework.web.servlet.mvc.method.annotation.ServletInvocableHandlerMethod.invokeAndHandle(ServletInvocableHandlerMethod.java:117)
	at org.springframework.web.servlet.mvc.method.annotation.RequestMappingHandlerAdapter.invokeHandlerMethod(RequestMappingHandlerAdapter.java:895)
	at org.springframework.web.servlet.mvc.method.annotation.RequestMappingHandlerAdapter.handleInternal(RequestMappingHandlerAdapter.java:808)
	at org.springframework.web.servlet.mvc.method.AbstractHandlerMethodAdapter.handle(AbstractHandlerMethodAdapter.java:87)
	at org.springframework.web.servlet.DispatcherServlet.doDispatch(DispatcherServlet.java:1067)
	at org.springframework.web.servlet.DispatcherServlet.doService(DispatcherServlet.java:963)
	at org.springframework.web.servlet.FrameworkServlet.processRequest(FrameworkServlet.java:1006)
	at org.springframework.web.servlet.FrameworkServlet.doGet(FrameworkServlet.java:898)
	at javax.servlet.http.HttpServlet.service(HttpServlet.java:655)
	at org.springframework.web.servlet.FrameworkServlet.service(FrameworkServlet.java:883)
	at javax.servlet.http.HttpServlet.service(HttpServlet.java:764)
	at org.apache.catalina.core.ApplicationFilterChain.internalDoFilter(ApplicationFilterChain.java:227)
	at org.apache.catalina.core.ApplicationFilterChain.doFilter(ApplicationFilterChain.java:162)
	at org.apache.tomcat.websocket.server.WsFilter.doFilter(WsFilter.java:53)
	at org.apache.catalina.core.ApplicationFilterChain.internalDoFilter(ApplicationFilterChain.java:189)
	at org.apache.catalina.core.ApplicationFilterChain.doFilter(ApplicationFilterChain.java:162)
	at org.springframework.web.filter.RequestContextFilter.doFilterInternal(RequestContextFilter.java:100)
	at org.springframework.web.filter.OncePerRequestFilter.doFilter(OncePerRequestFilter.java:117)
	at org.apache.catalina.core.ApplicationFilterChain.internalDoFilter(ApplicationFilterChain.java:189)
	at org.apache.catalina.core.ApplicationFilterChain.doFilter(ApplicationFilterChain.java:162)
	at org.springframework.web.filter.FormContentFilter.doFilterInternal(FormContentFilter.java:93)
	at org.springframework.web.filter.OncePerRequestFilter.doFilter(OncePerRequestFilter.java:117)
	at org.apache.catalina.core.ApplicationFilterChain.internalDoFilter(ApplicationFilterChain.java:189)
	at org.apache.catalina.core.ApplicationFilterChain.doFilter(ApplicationFilterChain.java:162)
	at org.springframework.web.filter.CharacterEncodingFilter.doFilterInternal(CharacterEncodingFilter.java:201)
	at org.springframework.web.filter.OncePerRequestFilter.doFilter(OncePerRequestFilter.java:117)
	at org.apache.catalina.core.ApplicationFilterChain.internalDoFilter(ApplicationFilterChain.java:189)
	at org.apache.catalina.core.ApplicationFilterChain.doFilter(ApplicationFilterChain.java:162)
	at org.apache.catalina.core.StandardWrapperValve.invoke(StandardWrapperValve.java:197)
	at org.apache.catalina.core.StandardContextValve.invoke(StandardContextValve.java:97)
	at org.apache.catalina.authenticator.AuthenticatorBase.invoke(AuthenticatorBase.java:540)
	at org.apache.catalina.core.StandardHostValve.invoke(StandardHostValve.java:135)
	at org.apache.catalina.valves.ErrorReportValve.invoke(ErrorReportValve.java:92)
	at org.apache.catalina.core.StandardEngineValve.invoke(StandardEngineValve.java:78)
	at org.apache.catalina.connector.CoyoteAdapter.service(CoyoteAdapter.java:357)
	at org.apache.coyote.http11.Http11Processor.service(Http11Processor.java:382)
	at org.apache.coyote.AbstractProcessorLight.process(AbstractProcessorLight.java:65)
	at org.apache.coyote.AbstractProtocol$ConnectionHandler.process(AbstractProtocol.java:895)
	at org.apache.tomcat.util.net.NioEndpoint$SocketProcessor.doRun(NioEndpoint.java:1732)
	at org.apache.tomcat.util.net.SocketProcessorBase.run(SocketProcessorBase.java:49)
	at org.apache.tomcat.util.threads.ThreadPoolExecutor.runWorker(ThreadPoolExecutor.java:1191)
	at org.apache.tomcat.util.threads.ThreadPoolExecutor$Worker.run(ThreadPoolExecutor.java:659)
	at org.apache.tomcat.util.threads.TaskThread$WrappingRunnable.run(TaskThread.java:61)
	at java.base/java.lang.Thread.run(Thread.java:833)
2022-05-15 17:53:47 [INFO ] http-nio-8110-exec-9 DictServiceImpl.java:76 com.dry.srb.core.service.impl.DictServiceImpl 从redis获取数据字典数据成功
2022-05-15 17:53:47 [INFO ] http-nio-8110-exec-5 DictServiceImpl.java:76 com.dry.srb.core.service.impl.DictServiceImpl 从redis获取数据字典数据成功
2022-05-15 17:53:47 [INFO ] http-nio-8110-exec-8 DictServiceImpl.java:76 com.dry.srb.core.service.impl.DictServiceImpl 从redis获取数据字典数据成功
2022-05-15 17:53:47 [INFO ] http-nio-8110-exec-6 DictServiceImpl.java:76 com.dry.srb.core.service.impl.DictServiceImpl 从redis获取数据字典数据成功
2022-05-15 17:53:49 [INFO ] http-nio-8110-exec-1 DictServiceImpl.java:76 com.dry.srb.core.service.impl.DictServiceImpl 从redis获取数据字典数据成功
2022-05-15 17:53:49 [INFO ] http-nio-8110-exec-4 DictServiceImpl.java:76 com.dry.srb.core.service.impl.DictServiceImpl 从redis获取数据字典数据成功
2022-05-15 17:53:49 [ERROR] http-nio-8110-exec-3 UnifiedExceptionHandler.java:37 com.dry.common.exception.UnifiedExceptionHandler Cannot invoke "com.dry.srb.core.pojo.entity.Dict.getId()" because "dict" is null
java.lang.NullPointerException: Cannot invoke "com.dry.srb.core.pojo.entity.Dict.getId()" because "dict" is null
	at com.dry.srb.core.service.impl.DictServiceImpl.findByDictCode(DictServiceImpl.java:120)
	at com.dry.srb.core.service.impl.DictServiceImpl$$FastClassBySpringCGLIB$$631d12fe.invoke(<generated>)
	at org.springframework.cglib.proxy.MethodProxy.invoke(MethodProxy.java:218)
	at org.springframework.aop.framework.CglibAopProxy$DynamicAdvisedInterceptor.intercept(CglibAopProxy.java:689)
	at com.dry.srb.core.service.impl.DictServiceImpl$$EnhancerBySpringCGLIB$$61478642.findByDictCode(<generated>)
	at com.dry.srb.core.controller.api.DictController.findByDictCode(DictController.java:39)
	at java.base/jdk.internal.reflect.NativeMethodAccessorImpl.invoke0(Native Method)
	at java.base/jdk.internal.reflect.NativeMethodAccessorImpl.invoke(NativeMethodAccessorImpl.java:77)
	at java.base/jdk.internal.reflect.DelegatingMethodAccessorImpl.invoke(DelegatingMethodAccessorImpl.java:43)
	at java.base/java.lang.reflect.Method.invoke(Method.java:568)
	at org.springframework.web.method.support.InvocableHandlerMethod.doInvoke(InvocableHandlerMethod.java:205)
	at org.springframework.web.method.support.InvocableHandlerMethod.invokeForRequest(InvocableHandlerMethod.java:150)
	at org.springframework.web.servlet.mvc.method.annotation.ServletInvocableHandlerMethod.invokeAndHandle(ServletInvocableHandlerMethod.java:117)
	at org.springframework.web.servlet.mvc.method.annotation.RequestMappingHandlerAdapter.invokeHandlerMethod(RequestMappingHandlerAdapter.java:895)
	at org.springframework.web.servlet.mvc.method.annotation.RequestMappingHandlerAdapter.handleInternal(RequestMappingHandlerAdapter.java:808)
	at org.springframework.web.servlet.mvc.method.AbstractHandlerMethodAdapter.handle(AbstractHandlerMethodAdapter.java:87)
	at org.springframework.web.servlet.DispatcherServlet.doDispatch(DispatcherServlet.java:1067)
	at org.springframework.web.servlet.DispatcherServlet.doService(DispatcherServlet.java:963)
	at org.springframework.web.servlet.FrameworkServlet.processRequest(FrameworkServlet.java:1006)
	at org.springframework.web.servlet.FrameworkServlet.doGet(FrameworkServlet.java:898)
	at javax.servlet.http.HttpServlet.service(HttpServlet.java:655)
	at org.springframework.web.servlet.FrameworkServlet.service(FrameworkServlet.java:883)
	at javax.servlet.http.HttpServlet.service(HttpServlet.java:764)
	at org.apache.catalina.core.ApplicationFilterChain.internalDoFilter(ApplicationFilterChain.java:227)
	at org.apache.catalina.core.ApplicationFilterChain.doFilter(ApplicationFilterChain.java:162)
	at org.apache.tomcat.websocket.server.WsFilter.doFilter(WsFilter.java:53)
	at org.apache.catalina.core.ApplicationFilterChain.internalDoFilter(ApplicationFilterChain.java:189)
	at org.apache.catalina.core.ApplicationFilterChain.doFilter(ApplicationFilterChain.java:162)
	at org.springframework.web.filter.RequestContextFilter.doFilterInternal(RequestContextFilter.java:100)
	at org.springframework.web.filter.OncePerRequestFilter.doFilter(OncePerRequestFilter.java:117)
	at org.apache.catalina.core.ApplicationFilterChain.internalDoFilter(ApplicationFilterChain.java:189)
	at org.apache.catalina.core.ApplicationFilterChain.doFilter(ApplicationFilterChain.java:162)
	at org.springframework.web.filter.FormContentFilter.doFilterInternal(FormContentFilter.java:93)
	at org.springframework.web.filter.OncePerRequestFilter.doFilter(OncePerRequestFilter.java:117)
	at org.apache.catalina.core.ApplicationFilterChain.internalDoFilter(ApplicationFilterChain.java:189)
	at org.apache.catalina.core.ApplicationFilterChain.doFilter(ApplicationFilterChain.java:162)
	at org.springframework.web.filter.CharacterEncodingFilter.doFilterInternal(CharacterEncodingFilter.java:201)
	at org.springframework.web.filter.OncePerRequestFilter.doFilter(OncePerRequestFilter.java:117)
	at org.apache.catalina.core.ApplicationFilterChain.internalDoFilter(ApplicationFilterChain.java:189)
	at org.apache.catalina.core.ApplicationFilterChain.doFilter(ApplicationFilterChain.java:162)
	at org.apache.catalina.core.StandardWrapperValve.invoke(StandardWrapperValve.java:197)
	at org.apache.catalina.core.StandardContextValve.invoke(StandardContextValve.java:97)
	at org.apache.catalina.authenticator.AuthenticatorBase.invoke(AuthenticatorBase.java:540)
	at org.apache.catalina.core.StandardHostValve.invoke(StandardHostValve.java:135)
	at org.apache.catalina.valves.ErrorReportValve.invoke(ErrorReportValve.java:92)
	at org.apache.catalina.core.StandardEngineValve.invoke(StandardEngineValve.java:78)
	at org.apache.catalina.connector.CoyoteAdapter.service(CoyoteAdapter.java:357)
	at org.apache.coyote.http11.Http11Processor.service(Http11Processor.java:382)
	at org.apache.coyote.AbstractProcessorLight.process(AbstractProcessorLight.java:65)
	at org.apache.coyote.AbstractProtocol$ConnectionHandler.process(AbstractProtocol.java:895)
	at org.apache.tomcat.util.net.NioEndpoint$SocketProcessor.doRun(NioEndpoint.java:1732)
	at org.apache.tomcat.util.net.SocketProcessorBase.run(SocketProcessorBase.java:49)
	at org.apache.tomcat.util.threads.ThreadPoolExecutor.runWorker(ThreadPoolExecutor.java:1191)
	at org.apache.tomcat.util.threads.ThreadPoolExecutor$Worker.run(ThreadPoolExecutor.java:659)
	at org.apache.tomcat.util.threads.TaskThread$WrappingRunnable.run(TaskThread.java:61)
	at java.base/java.lang.Thread.run(Thread.java:833)
2022-05-15 17:53:49 [INFO ] http-nio-8110-exec-7 DictServiceImpl.java:76 com.dry.srb.core.service.impl.DictServiceImpl 从redis获取数据字典数据成功
2022-05-15 17:53:49 [INFO ] http-nio-8110-exec-10 DictServiceImpl.java:76 com.dry.srb.core.service.impl.DictServiceImpl 从redis获取数据字典数据成功
2022-05-15 17:56:05 [INFO ] http-nio-8110-exec-3 DictServiceImpl.java:76 com.dry.srb.core.service.impl.DictServiceImpl 从redis获取数据字典数据成功
2022-05-15 17:56:05 [INFO ] http-nio-8110-exec-4 DictServiceImpl.java:76 com.dry.srb.core.service.impl.DictServiceImpl 从redis获取数据字典数据成功
2022-05-15 17:56:05 [INFO ] http-nio-8110-exec-7 DictServiceImpl.java:76 com.dry.srb.core.service.impl.DictServiceImpl 从redis获取数据字典数据成功
2022-05-15 17:56:05 [INFO ] http-nio-8110-exec-10 DictServiceImpl.java:76 com.dry.srb.core.service.impl.DictServiceImpl 从redis获取数据字典数据成功
2022-05-15 17:56:05 [INFO ] http-nio-8110-exec-9 DictServiceImpl.java:96 com.dry.srb.core.service.impl.DictServiceImpl 存放数据字典数据到redis成功！
2022-05-15 17:56:49 [INFO ] http-nio-8110-exec-1 DictServiceImpl.java:76 com.dry.srb.core.service.impl.DictServiceImpl 从redis获取数据字典数据成功
2022-05-15 17:56:49 [INFO ] http-nio-8110-exec-2 DictServiceImpl.java:76 com.dry.srb.core.service.impl.DictServiceImpl 从redis获取数据字典数据成功
2022-05-15 17:56:49 [INFO ] http-nio-8110-exec-5 DictServiceImpl.java:76 com.dry.srb.core.service.impl.DictServiceImpl 从redis获取数据字典数据成功
2022-05-15 17:56:49 [INFO ] http-nio-8110-exec-6 DictServiceImpl.java:76 com.dry.srb.core.service.impl.DictServiceImpl 从redis获取数据字典数据成功
2022-05-15 17:56:49 [INFO ] http-nio-8110-exec-8 DictServiceImpl.java:76 com.dry.srb.core.service.impl.DictServiceImpl 从redis获取数据字典数据成功
2022-05-15 17:56:50 [INFO ] http-nio-8110-exec-3 DictServiceImpl.java:76 com.dry.srb.core.service.impl.DictServiceImpl 从redis获取数据字典数据成功
2022-05-15 17:56:50 [INFO ] http-nio-8110-exec-4 DictServiceImpl.java:76 com.dry.srb.core.service.impl.DictServiceImpl 从redis获取数据字典数据成功
2022-05-15 17:56:50 [INFO ] http-nio-8110-exec-10 DictServiceImpl.java:76 com.dry.srb.core.service.impl.DictServiceImpl 从redis获取数据字典数据成功
2022-05-15 17:56:50 [INFO ] http-nio-8110-exec-7 DictServiceImpl.java:76 com.dry.srb.core.service.impl.DictServiceImpl 从redis获取数据字典数据成功
2022-05-15 17:56:50 [INFO ] http-nio-8110-exec-2 DictServiceImpl.java:76 com.dry.srb.core.service.impl.DictServiceImpl 从redis获取数据字典数据成功
2022-05-15 17:57:11 [INFO ] http-nio-8110-exec-3 DictServiceImpl.java:76 com.dry.srb.core.service.impl.DictServiceImpl 从redis获取数据字典数据成功
2022-05-15 17:57:11 [INFO ] http-nio-8110-exec-5 DictServiceImpl.java:76 com.dry.srb.core.service.impl.DictServiceImpl 从redis获取数据字典数据成功
2022-05-15 17:57:11 [INFO ] http-nio-8110-exec-6 DictServiceImpl.java:76 com.dry.srb.core.service.impl.DictServiceImpl 从redis获取数据字典数据成功
2022-05-15 17:57:11 [INFO ] http-nio-8110-exec-1 DictServiceImpl.java:76 com.dry.srb.core.service.impl.DictServiceImpl 从redis获取数据字典数据成功
2022-05-15 17:57:11 [INFO ] http-nio-8110-exec-8 DictServiceImpl.java:76 com.dry.srb.core.service.impl.DictServiceImpl 从redis获取数据字典数据成功
2022-05-15 17:57:13 [INFO ] http-nio-8110-exec-7 DictServiceImpl.java:76 com.dry.srb.core.service.impl.DictServiceImpl 从redis获取数据字典数据成功
2022-05-15 17:57:13 [INFO ] http-nio-8110-exec-4 DictServiceImpl.java:76 com.dry.srb.core.service.impl.DictServiceImpl 从redis获取数据字典数据成功
2022-05-15 17:57:13 [INFO ] http-nio-8110-exec-10 DictServiceImpl.java:76 com.dry.srb.core.service.impl.DictServiceImpl 从redis获取数据字典数据成功
2022-05-15 17:57:14 [INFO ] http-nio-8110-exec-9 DictServiceImpl.java:76 com.dry.srb.core.service.impl.DictServiceImpl 从redis获取数据字典数据成功
2022-05-15 17:57:14 [INFO ] http-nio-8110-exec-2 DictServiceImpl.java:76 com.dry.srb.core.service.impl.DictServiceImpl 从redis获取数据字典数据成功
