2022-05-22 16:06:15 [INFO ] main StartupInfoLogger.java:55 com.dry.srb.core.ServiceCoreApplication Starting ServiceCoreApplication using Java 17 on DESKTOP-FR5VP0H with PID 15664 (D:\java\code\p2p\srb\service-core\target\classes started by Sarah Cheung in D:\java\code\p2p\srb)
2022-05-22 16:06:15 [INFO ] main SpringApplication.java:641 com.dry.srb.core.ServiceCoreApplication The following profiles are active: dev
2022-05-22 16:06:44 [INFO ] main StartupInfoLogger.java:61 com.dry.srb.core.ServiceCoreApplication Started ServiceCoreApplication in 32.211 seconds (JVM running for 34.455)
2022-05-22 17:32:06 [INFO ] main StartupInfoLogger.java:55 com.dry.srb.core.ServiceCoreApplication Starting ServiceCoreApplication using Java 17 on DESKTOP-FR5VP0H with PID 14756 (D:\java\code\p2p\srb\service-core\target\classes started by Sarah Cheung in D:\java\code\p2p\srb)
2022-05-22 17:32:06 [INFO ] main SpringApplication.java:641 com.dry.srb.core.ServiceCoreApplication The following profiles are active: dev
2022-05-22 17:32:13 [INFO ] main StartupInfoLogger.java:61 com.dry.srb.core.ServiceCoreApplication Started ServiceCoreApplication in 9.086 seconds (JVM running for 11.191)
2022-05-22 17:34:21 [INFO ] http-nio-8110-exec-3 RequestHelper.java:42 com.dry.srb.core.hfb.RequestHelper 加密前：20220522173421258|999888|bb9958fb5b564059a772d91d7c9cd4e2|999|0|http://localhost/api/core/userAccount/notify|http://localhost:3000/user|1653212061341|9876543210
2022-05-22 17:34:21 [INFO ] http-nio-8110-exec-3 RequestHelper.java:45 com.dry.srb.core.hfb.RequestHelper 加密后：40106528ff4dc9beef38fe91ea2a8632
2022-05-22 17:34:40 [INFO ] http-nio-8110-exec-4 RequestHelper.java:42 com.dry.srb.core.hfb.RequestHelper 加密前：20220522173421258|bb9958fb5b564059a772d91d7c9cd4e2|999|0|0|0001|充值成功|1653212079949|9876543210
2022-05-22 17:34:40 [INFO ] http-nio-8110-exec-4 RequestHelper.java:45 com.dry.srb.core.hfb.RequestHelper 加密后：d267b5af525968e9f9a07a0f7ff365b4
2022-05-22 17:34:40 [INFO ] http-nio-8110-exec-4 UserAccountServiceImpl.java:107 com.dry.srb.core.service.impl.UserAccountServiceImpl 用户充值异步回调充值成功：{"chargeAmt":"999","hyFee":"0","mchFee":"0","resultCode":"0001","bindCode":"bb9958fb5b564059a772d91d7c9cd4e2","agentBillNo":"20220522173421258","resultMsg":"充值成功","timestamp":"1653212079949"}
2022-05-22 17:40:55 [INFO ] main StartupInfoLogger.java:55 com.dry.srb.core.ServiceCoreApplication Starting ServiceCoreApplication using Java 17 on DESKTOP-FR5VP0H with PID 14268 (D:\java\code\p2p\srb\service-core\target\classes started by Sarah Cheung in D:\java\code\p2p\srb)
2022-05-22 17:40:55 [INFO ] main SpringApplication.java:641 com.dry.srb.core.ServiceCoreApplication The following profiles are active: dev
2022-05-22 17:41:03 [INFO ] main StartupInfoLogger.java:61 com.dry.srb.core.ServiceCoreApplication Started ServiceCoreApplication in 9.657 seconds (JVM running for 12.259)
2022-05-22 17:41:39 [INFO ] http-nio-8110-exec-2 RequestHelper.java:42 com.dry.srb.core.hfb.RequestHelper 加密前：20220522174139448|999888|bb9958fb5b564059a772d91d7c9cd4e2|1|0|http://localhost/api/core/userAccount/notify|http://localhost:3000/user|1653212499811|9876543210
2022-05-22 17:41:39 [INFO ] http-nio-8110-exec-2 RequestHelper.java:45 com.dry.srb.core.hfb.RequestHelper 加密后：25c2411c4529d79bb9cdadb7d5cfcbcb
2022-05-22 17:41:50 [INFO ] http-nio-8110-exec-3 RequestHelper.java:42 com.dry.srb.core.hfb.RequestHelper 加密前：20220522174139448|bb9958fb5b564059a772d91d7c9cd4e2|1|0|0|0001|充值成功|1653212509435|9876543210
2022-05-22 17:41:50 [INFO ] http-nio-8110-exec-3 RequestHelper.java:45 com.dry.srb.core.hfb.RequestHelper 加密后：37b80b58f80955772be7e2fe381eee00
2022-05-22 17:41:50 [INFO ] http-nio-8110-exec-3 UserAccountServiceImpl.java:107 com.dry.srb.core.service.impl.UserAccountServiceImpl 用户充值异步回调充值成功：{"chargeAmt":"1","hyFee":"0","mchFee":"0","resultCode":"0001","bindCode":"bb9958fb5b564059a772d91d7c9cd4e2","agentBillNo":"20220522174139448","resultMsg":"充值成功","timestamp":"1653212509435"}
2022-05-22 17:41:51 [INFO ] http-nio-8110-exec-4 RequestHelper.java:42 com.dry.srb.core.hfb.RequestHelper 加密前：20220522174139448|bb9958fb5b564059a772d91d7c9cd4e2|1|0|0|0001|充值成功|1653212509435|9876543210
2022-05-22 17:41:51 [INFO ] http-nio-8110-exec-4 RequestHelper.java:45 com.dry.srb.core.hfb.RequestHelper 加密后：37b80b58f80955772be7e2fe381eee00
2022-05-22 17:41:51 [INFO ] http-nio-8110-exec-4 UserAccountServiceImpl.java:88 com.dry.srb.core.service.impl.UserAccountServiceImpl 幂等性判断被调用
2022-05-22 17:43:29 [INFO ] main StartupInfoLogger.java:55 com.dry.srb.core.ServiceCoreApplication Starting ServiceCoreApplication using Java 17 on DESKTOP-FR5VP0H with PID 7792 (D:\java\code\p2p\srb\service-core\target\classes started by Sarah Cheung in D:\java\code\p2p\srb)
2022-05-22 17:43:29 [INFO ] main SpringApplication.java:641 com.dry.srb.core.ServiceCoreApplication The following profiles are active: dev
2022-05-22 17:43:37 [INFO ] main StartupInfoLogger.java:61 com.dry.srb.core.ServiceCoreApplication Started ServiceCoreApplication in 9.399 seconds (JVM running for 11.326)
2022-05-22 18:22:49 [INFO ] main StartupInfoLogger.java:55 com.dry.srb.core.ServiceCoreApplication Starting ServiceCoreApplication using Java 17 on DESKTOP-FR5VP0H with PID 8296 (D:\java\code\p2p\srb\service-core\target\classes started by Sarah Cheung in D:\java\code\p2p\srb)
2022-05-22 18:22:49 [INFO ] main SpringApplication.java:641 com.dry.srb.core.ServiceCoreApplication The following profiles are active: dev
2022-05-22 18:23:01 [INFO ] main StartupInfoLogger.java:61 com.dry.srb.core.ServiceCoreApplication Started ServiceCoreApplication in 15.728 seconds (JVM running for 21.766)
2022-05-22 23:20:29 [INFO ] http-nio-8110-exec-9 RequestHelper.java:42 com.dry.srb.core.hfb.RequestHelper 加密前：20220522232029916|999888|bb9958fb5b564059a772d91d7c9cd4e2|10000|0|http://localhost/api/core/userAccount/notify|http://localhost:3000/user|1653232829365|9876543210
2022-05-22 23:20:29 [INFO ] http-nio-8110-exec-9 RequestHelper.java:45 com.dry.srb.core.hfb.RequestHelper 加密后：5cfc0c76688bdf3dba89098d658f6790
2022-05-22 23:20:37 [INFO ] http-nio-8110-exec-10 RequestHelper.java:42 com.dry.srb.core.hfb.RequestHelper 加密前：20220522232029916|bb9958fb5b564059a772d91d7c9cd4e2|10000|0|0|0001|充值成功|1653232836074|9876543210
2022-05-22 23:20:37 [INFO ] http-nio-8110-exec-10 RequestHelper.java:45 com.dry.srb.core.hfb.RequestHelper 加密后：59c6d190e3eb63a8d5922415acab1c35
2022-05-22 23:20:37 [INFO ] http-nio-8110-exec-10 UserAccountServiceImpl.java:109 com.dry.srb.core.service.impl.UserAccountServiceImpl 用户充值异步回调充值成功：{"chargeAmt":"10000","hyFee":"0","mchFee":"0","resultCode":"0001","bindCode":"bb9958fb5b564059a772d91d7c9cd4e2","agentBillNo":"20220522232029916","resultMsg":"充值成功","timestamp":"1653232836074"}
2022-05-22 23:23:34 [INFO ] main StartupInfoLogger.java:55 com.dry.srb.core.ServiceCoreApplication Starting ServiceCoreApplication using Java 17 on DESKTOP-FR5VP0H with PID 14192 (D:\java\code\p2p\srb\service-core\target\classes started by Sarah Cheung in D:\java\code\p2p\srb)
2022-05-22 23:23:34 [INFO ] main SpringApplication.java:641 com.dry.srb.core.ServiceCoreApplication The following profiles are active: dev
2022-05-22 23:23:45 [INFO ] main StartupInfoLogger.java:61 com.dry.srb.core.ServiceCoreApplication Started ServiceCoreApplication in 15.741 seconds (JVM running for 17.732)
